<?xml version="1.0" encoding="UTF-8"?>
<!-- Generated by org.testng.reporters.JUnitXMLReporter -->
<testsuite ignored="0" hostname="DESKTOP-NO7SJ3E" failures="0" tests="6" name="HMSAdminTest" time="572.709" errors="0" timestamp="2022-03-20T18:54:58 IST">
  <testcase classname="hms.admin.testcases.LoginTest" name="adminlogintest" time="29.748"/>
  <testcase classname="hms.admin.testcases.DashboardTest" name="dashtest" time="3.753"/>
  <testcase classname="hms.admin.testcases.FrontofficeTest" name="clickvisitor" time="9.943"/>
  <testcase classname="hms.admin.testcases.VisitorTest" name="savevisitordetails" time="15.716"/>
  <testcase classname="hms.admin.testcases.VisitorTest" name="savevisitordetails" time="18.203"/>
  <testcase classname="hms.admin.testcases.VisitorTest" name="savevisitordetails" time="40.153"/>
</testsuite> <!-- HMSAdminTest -->
